Performing C SOURCE FILE Test CMAKE_HAVE_LIBC_PTHREAD failed with the following output:
Change Dir: /home/yaodong/Desktop/TensorRT-CenterNet-3D/build/CMakeFiles/CMakeTmp

Run Build Command(s):/usr/bin/make cmTC_7c857/fast && /usr/bin/make -f CMakeFiles/cmTC_7c857.dir/build.make CMakeFiles/cmTC_7c857.dir/build
make[1]: Entering directory '/home/yaodong/Desktop/TensorRT-CenterNet-3D/build/CMakeFiles/CMakeTmp'
Building C object CMakeFiles/cmTC_7c857.dir/src.c.o
/usr/bin/cc   -DCMAKE_HAVE_LIBC_PTHREAD -fPIE   -o CMakeFiles/cmTC_7c857.dir/src.c.o   -c /home/yaodong/Desktop/TensorRT-CenterNet-3D/build/CMakeFiles/CMakeTmp/src.c
Linking C executable cmTC_7c857
/usr/local/bin/cmake -E cmake_link_script CMakeFiles/cmTC_7c857.dir/link.txt --verbose=1
/usr/bin/cc  -DCMAKE_HAVE_LIBC_PTHREAD    -rdynamic CMakeFiles/cmTC_7c857.dir/src.c.o  -o cmTC_7c857 
CMakeFiles/cmTC_7c857.dir/src.c.o: In function `main':
src.c:(.text+0x48): undefined reference to `pthread_create'
src.c:(.text+0x50): undefined reference to `pthread_detach'
src.c:(.text+0x5c): undefined reference to `pthread_join'
src.c:(.text+0x6c): undefined reference to `pthread_atfork'
collect2: error: ld returned 1 exit status
CMakeFiles/cmTC_7c857.dir/build.make:86: recipe for target 'cmTC_7c857' failed
make[1]: *** [cmTC_7c857] Error 1
make[1]: Leaving directory '/home/yaodong/Desktop/TensorRT-CenterNet-3D/build/CMakeFiles/CMakeTmp'
Makefile:121: recipe for target 'cmTC_7c857/fast' failed
make: *** [cmTC_7c857/fast] Error 2


Source file was:
#include <pthread.h>

void* test_func(void* data)
{
  return data;
}

int main(void)
{
  pthread_t thread;
  pthread_create(&thread, NULL, test_func, NULL);
  pthread_detach(thread);
  pthread_join(thread, NULL);
  pthread_atfork(NULL, NULL, NULL);
  pthread_exit(NULL);

  return 0;
}

Determining if the function pthread_create exists in the pthreads failed with the following output:
Change Dir: /home/yaodong/Desktop/TensorRT-CenterNet-3D/build/CMakeFiles/CMakeTmp

Run Build Command(s):/usr/bin/make cmTC_675ee/fast && /usr/bin/make -f CMakeFiles/cmTC_675ee.dir/build.make CMakeFiles/cmTC_675ee.dir/build
make[1]: Entering directory '/home/yaodong/Desktop/TensorRT-CenterNet-3D/build/CMakeFiles/CMakeTmp'
Building C object CMakeFiles/cmTC_675ee.dir/CheckFunctionExists.c.o
/usr/bin/cc   -DCHECK_FUNCTION_EXISTS=pthread_create -fPIE   -o CMakeFiles/cmTC_675ee.dir/CheckFunctionExists.c.o   -c /usr/local/share/cmake-3.15/Modules/CheckFunctionExists.c
Linking C executable cmTC_675ee
/usr/local/bin/cmake -E cmake_link_script CMakeFiles/cmTC_675ee.dir/link.txt --verbose=1
/usr/bin/cc  -DCHECK_FUNCTION_EXISTS=pthread_create    -rdynamic CMakeFiles/cmTC_675ee.dir/CheckFunctionExists.c.o  -o cmTC_675ee -lpthreads 
/usr/bin/ld: cannot find -lpthreads
collect2: error: ld returned 1 exit status
CMakeFiles/cmTC_675ee.dir/build.make:86: recipe for target 'cmTC_675ee' failed
make[1]: *** [cmTC_675ee] Error 1
make[1]: Leaving directory '/home/yaodong/Desktop/TensorRT-CenterNet-3D/build/CMakeFiles/CMakeTmp'
Makefile:121: recipe for target 'cmTC_675ee/fast' failed
make: *** [cmTC_675ee/fast] Error 2



